<?xml version="1.0" encoding="UTF-8"?>
<!-- Generated by org.testng.reporters.JUnitXMLReporter -->
<testsuite hostname="DESKTOP-4DVPK4S" ignored="6" name="Default test(failed)" tests="10" failures="0" timestamp="04 Sep 2019 09:12:28 GMT" time="687.434" errors="0">
  <testcase name="verify_purchased_number_And_Numbers_setting_page" time="53.018" classname="testCases.NumberSettingTest">
    <skipped/>
  </testcase> <!-- verify_purchased_number_And_Numbers_setting_page -->
  <testcase name="verify_purchased_number_And_Numbers_setting_page" time="68.106" classname="testCases.NumberSettingTest"/>
  <testcase name="verify_call_Recording_toggle_in_Basic_montly_plan" time="76.816" classname="testCases.NumberSettingTest"/>
  <testcase name="verify_call_Recording_toggle_in_Basic_Annually_plan" time="66.292" classname="testCases.NumberSettingTest"/>
  <testcase name="verify_call_Recording_toggle_in_Silver_montly_plan" time="92.962" classname="testCases.NumberSettingTest"/>
  <testcase name="verify_call_Recording_toggle_in_Silver_Annually_plan" time="64.006" classname="testCases.NumberSettingTest"/>
  <testcase name="verify_call_Recording_toggle_in_Platinum_montly_plan" time="74.462" classname="testCases.NumberSettingTest"/>
  <testcase name="verify_call_Recording_toggle_in_Platinum_Annually_plan" time="43.677" classname="testCases.NumberSettingTest">
    <skipped/>
  </testcase> <!-- verify_call_Recording_toggle_in_Platinum_Annually_plan -->
  <testcase name="verify_call_Recording_toggle_in_Platinum_Annually_plan" time="37.914" classname="testCases.NumberSettingTest">
    <skipped/>
  </testcase> <!-- verify_call_Recording_toggle_in_Platinum_Annually_plan -->
  <testcase name="verify_call_Recording_toggle_in_Platinum_Annually_plan" time="69.76" classname="testCases.NumberSettingTest"/>
  <testcase name="verify_number_verification" time="0.0" classname="testCases.NumberSettingTest">
    <ignored/>
  </testcase> <!-- verify_number_verification -->
  <testcase name="verify_Department_name_of_number_Validation" time="0.0" classname="testCases.NumberSettingTest">
    <ignored/>
  </testcase> <!-- verify_Department_name_of_number_Validation -->
  <testcase name="verify_call_Recording_toggle_in_Bronze_montly_plan" time="0.0" classname="testCases.NumberSettingTest">
    <ignored/>
  </testcase> <!-- verify_call_Recording_toggle_in_Bronze_montly_plan -->
  <testcase name="verify_Show_CallHippo_Number_in_Incoming_Forwarded_Calls_Toggle_validation" time="0.0" classname="testCases.NumberSettingTest">
    <ignored/>
  </testcase> <!-- verify_Show_CallHippo_Number_in_Incoming_Forwarded_Calls_Toggle_validation -->
  <testcase name="verify_Department_name_of_number_Validation_with_change_department_name" time="0.0" classname="testCases.NumberSettingTest">
    <ignored/>
  </testcase> <!-- verify_Department_name_of_number_Validation_with_change_department_name -->
  <testcase name="verify_call_Recording_toggle_in_Bronze_Annually_plan" time="0.0" classname="testCases.NumberSettingTest">
    <ignored/>
  </testcase> <!-- verify_call_Recording_toggle_in_Bronze_Annually_plan -->
</testsuite> <!-- Default test(failed) -->
