<?xml version="1.0" encoding="UTF-8"?>
<testng-results skipped="0" failed="0" ignored="0" total="1" passed="1">
  <reporter-output>
  </reporter-output>
  <suite name="Command line suite" duration-ms="5" started-at="2019-08-19T11:46:38Z" finished-at="2019-08-19T11:46:38Z">
    <groups>
    </groups>
    <test name="Command line test" duration-ms="5" started-at="2019-08-19T11:46:38Z" finished-at="2019-08-19T11:46:38Z">
      <class name="CallHippo.Web.AppTest">
        <test-method status="PASS" signature="testApp()[pri:0, instance:testApp(CallHippo.Web.AppTest)]" name="testApp" duration-ms="1" started-at="2019-08-19T11:46:38Z" finished-at="2019-08-19T11:46:38Z">
          <reporter-output>
          </reporter-output>
        </test-method> <!-- testApp -->
      </class> <!-- CallHippo.Web.AppTest -->
    </test> <!-- Command line test -->
  </suite> <!-- Command line suite -->
</testng-results>
