<?xml version="1.0" encoding="UTF-8"?>
<!-- Generated by org.testng.reporters.JUnitXMLReporter -->
<testsuite hostname="DESKTOP-4DVPK4S" ignored="7" name="Default test" tests="2" failures="0" timestamp="11 Sep 2019 05:21:35 GMT" time="298.32" errors="0">
  <testcase name="Verify_with_add_ivr_options_successfully" time="142.811" classname="testCases.NSivrTest">
    <skipped/>
  </testcase> <!-- Verify_with_add_ivr_options_successfully -->
  <testcase name="Verify_with_add_ivr_options_successfully" time="148.18" classname="testCases.NSivrTest"/>
  <testcase name="Verify_Required_Field_Validation_for_message_field" time="0.0" classname="testCases.NSivrTest">
    <ignored/>
  </testcase> <!-- Verify_Required_Field_Validation_for_message_field -->
  <testcase name="Verify_press_field_validation" time="0.0" classname="testCases.NSivrTest">
    <ignored/>
  </testcase> <!-- Verify_press_field_validation -->
  <testcase name="Verify_That_ivr_functionality_not_supported_in_Basic_Plan" time="0.0" classname="testCases.NSivrTest">
    <ignored/>
  </testcase> <!-- Verify_That_ivr_functionality_not_supported_in_Basic_Plan -->
  <testcase name="Verify_message_field_updated_successfully" time="0.0" classname="testCases.NSivrTest">
    <ignored/>
  </testcase> <!-- Verify_message_field_updated_successfully -->
  <testcase name="Verify_special_character_validation_for_Message_field" time="0.0" classname="testCases.NSivrTest">
    <ignored/>
  </testcase> <!-- Verify_special_character_validation_for_Message_field -->
  <testcase name="Verify_change_language_successfully" time="0.0" classname="testCases.NSivrTest">
    <ignored/>
  </testcase> <!-- Verify_change_language_successfully -->
  <testcase name="Verify_change_Voice_successfully" time="0.0" classname="testCases.NSivrTest">
    <ignored/>
  </testcase> <!-- Verify_change_Voice_successfully -->
</testsuite> <!-- Default test -->
