<?xml version="1.0" encoding="UTF-8"?>
<!-- Generated by org.testng.reporters.JUnitXMLReporter -->
<testsuite hostname="DESKTOP-4DVPK4S" ignored="1" name="Test" tests="30" failures="2" timestamp="29 Aug 2019 14:52:08 GMT" time="925.722" errors="0">
  <testcase name="VerifyTitle" time="0.014" classname="testCases.RegistrationTest"/>
  <testcase name="verifyFunllNameFieldIsRequired" time="1.741" classname="testCases.RegistrationTest"/>
  <testcase name="verify_Number_IsRequired" time="1.703" classname="testCases.RegistrationTest"/>
  <testcase name="verify_Email_IsRequired" time="1.445" classname="testCases.RegistrationTest"/>
  <testcase name="verify_password_IsRequired" time="1.763" classname="testCases.RegistrationTest"/>
  <testcase name="verify_with_filled_all_Filled_IsEnabled" time="11.852" classname="testCases.RegistrationTest"/>
  <testcase name="Verify_fullName_validation" time="1.383" classname="testCases.RegistrationTest"/>
  <testcase name="Verify_fullName_validation" time="1.369" classname="testCases.RegistrationTest"/>
  <testcase name="Verify_fullName_validation" time="1.175" classname="testCases.RegistrationTest"/>
  <testcase name="Verify_fullName_validation" time="10.009" classname="testCases.RegistrationTest">
    <failure type="org.openqa.selenium.NoSuchElementException" message="no such element: Unable to locate element: {&amp;quot;method&amp;quot;:&amp;quot;xpath&amp;quot;,&amp;quot;selector&amp;quot;:&amp;quot;//input[@name=&amp;apos;name&amp;apos;]&amp;quot;}
  (Session info: chrome=76.0.3809.100)
For documentation on this error, please visit: https://www.seleniumhq.org/exceptions/no_such_element.html
Build info: version: &amp;apos;3.141.59&amp;apos;, revision: &amp;apos;e82be7d358&amp;apos;, time: &amp;apos;2018-11-14T08:17:03&amp;apos;
System info: host: &amp;apos;DESKTOP-4DVPK4S&amp;apos;, ip: &amp;apos;169.254.216.164&amp;apos;, os.name: &amp;apos;Windows 10&amp;apos;, os.arch: &amp;apos;amd64&amp;apos;, os.version: &amp;apos;10.0&amp;apos;, java.version: &amp;apos;1.8.0_201&amp;apos;
Driver info: org.openqa.selenium.chrome.ChromeDriver
Capabilities {acceptInsecureCerts: false, browserName: chrome, browserVersion: 76.0.3809.100, chrome: {chromedriverVersion: 76.0.3809.68 (420c9498db8ce..., userDataDir: C:\Users\APPITS~1\AppData\L...}, goog:chromeOptions: {debuggerAddress: localhost:61472}, javascriptEnabled: true, networkConnectionEnabled: false, pageLoadStrategy: normal, platform: XP, platformName: XP, proxy: Proxy(), setWindowRect: true, strictFileInteractability: false, timeouts: {implicit: 0, pageLoad: 300000, script: 30000}, unhandledPromptBehavior: dismiss and notify}
Session ID: 7b8470f6749c07b2b01d1d06bc3be39b
*** Element info: {Using=xpath, value=//input[@name=&amp;apos;name&amp;apos;]}">
      <![CDATA[org.openqa.selenium.NoSuchElementException: no such element: Unable to locate element: {"method":"xpath","selector":"//input[@name='name']"}
  (Session info: chrome=76.0.3809.100)
For documentation on this error, please visit: https://www.seleniumhq.org/exceptions/no_such_element.html
Build info: version: '3.141.59', revision: 'e82be7d358', time: '2018-11-14T08:17:03'
System info: host: 'DESKTOP-4DVPK4S', ip: '169.254.216.164', os.name: 'Windows 10', os.arch: 'amd64', os.version: '10.0', java.version: '1.8.0_201'
Driver info: org.openqa.selenium.chrome.ChromeDriver
Capabilities {acceptInsecureCerts: false, browserName: chrome, browserVersion: 76.0.3809.100, chrome: {chromedriverVersion: 76.0.3809.68 (420c9498db8ce..., userDataDir: C:\Users\APPITS~1\AppData\L...}, goog:chromeOptions: {debuggerAddress: localhost:61472}, javascriptEnabled: true, networkConnectionEnabled: false, pageLoadStrategy: normal, platform: XP, platformName: XP, proxy: Proxy(), setWindowRect: true, strictFileInteractability: false, timeouts: {implicit: 0, pageLoad: 300000, script: 30000}, unhandledPromptBehavior: dismiss and notify}
Session ID: 7b8470f6749c07b2b01d1d06bc3be39b
*** Element info: {Using=xpath, value=//input[@name='name']}
at org.openqa.selenium.remote.http.W3CHttpResponseCodec.createException(W3CHttpResponseCodec.java:187)
at org.openqa.selenium.remote.http.W3CHttpResponseCodec.decode(W3CHttpResponseCodec.java:122)
at org.openqa.selenium.remote.http.W3CHttpResponseCodec.decode(W3CHttpResponseCodec.java:49)
at org.openqa.selenium.remote.HttpCommandExecutor.execute(HttpCommandExecutor.java:158)
at org.openqa.selenium.remote.service.DriverCommandExecutor.execute(DriverCommandExecutor.java:83)
at org.openqa.selenium.remote.RemoteWebDriver.execute(RemoteWebDriver.java:552)
at org.openqa.selenium.remote.RemoteWebDriver.findElement(RemoteWebDriver.java:323)
at org.openqa.selenium.remote.RemoteWebDriver.findElementByXPath(RemoteWebDriver.java:428)
at org.openqa.selenium.By$ByXPath.findElement(By.java:353)
at org.openqa.selenium.remote.RemoteWebDriver.findElement(RemoteWebDriver.java:315)
at org.openqa.selenium.support.pagefactory.DefaultElementLocator.findElement(DefaultElementLocator.java:69)
at org.openqa.selenium.support.pagefactory.internal.LocatingElementHandler.invoke(LocatingElementHandler.java:38)
at com.sun.proxy.$Proxy10.sendKeys(Unknown Source)
at pages.RegistrationPage.enterFullname(RegistrationPage.java:86)
at testCases.RegistrationTest.Verify_fullName_validation(RegistrationTest.java:112)
... Removed 29 stack frames]]>
    </failure>
  </testcase> <!-- Verify_fullName_validation -->
  <testcase name="verify_number_validation_with_Invalid_number" time="0.27" classname="testCases.RegistrationTest"/>
  <testcase name="verify_number_validation_with_Invalid_number" time="0.159" classname="testCases.RegistrationTest"/>
  <testcase name="verify_number_validation_with_Invalid_number" time="0.247" classname="testCases.RegistrationTest"/>
  <testcase name="verify_number_validation_with_Valid_number" time="10.138" classname="testCases.RegistrationTest"/>
  <testcase name="verifyFlag" time="0.454" classname="testCases.RegistrationTest"/>
  <testcase name="verify_email_validation_with_Invalid_email" time="0.218" classname="testCases.RegistrationTest"/>
  <testcase name="verify_email_validation_with_Invalid_email" time="0.242" classname="testCases.RegistrationTest"/>
  <testcase name="verify_email_validation_with_Invalid_email" time="0.243" classname="testCases.RegistrationTest"/>
  <testcase name="verify_email_validation_with_Invalid_email" time="10.264" classname="testCases.RegistrationTest">
    <failure type="java.lang.AssertionError" message="expected [true] but found [false]">
      <![CDATA[java.lang.AssertionError: expected [true] but found [false]
at testCases.RegistrationTest.verify_email_validation_with_Invalid_email(RegistrationTest.java:169)
... Removed 31 stack frames]]>
    </failure>
  </testcase> <!-- verify_email_validation_with_Invalid_email -->
  <testcase name="verify_email_validation_with_Invalid_email" time="0.248" classname="testCases.RegistrationTest"/>
  <testcase name="verify_email_validation_with_valid_email" time="10.255" classname="testCases.RegistrationTest"/>
  <testcase name="verify_password_validation_with_Invalid_password" time="0.107" classname="testCases.RegistrationTest"/>
  <testcase name="verify_password_validation_with_Invalid_password" time="0.232" classname="testCases.RegistrationTest"/>
  <testcase name="verify_password_validation_with_Invalid_password" time="0.261" classname="testCases.RegistrationTest"/>
  <testcase name="verify_password_validation_with_Invalid_password" time="0.328" classname="testCases.RegistrationTest"/>
  <testcase name="verify_password_validation_with_Valid_password" time="10.152" classname="testCases.RegistrationTest"/>
  <testcase name="Verify_with_blocked_domain" time="1.433" classname="testCases.RegistrationTest"/>
  <testcase name="Verify_with_registered_email" time="1.308" classname="testCases.RegistrationTest"/>
  <testcase name="Verify_createAccount" time="21.243" classname="testCases.RegistrationTest"/>
  <testcase name="verifyExpiredLink" time="17.832" classname="testCases.RegistrationTest"/>
  <testcase name="Verify_createAccount1" time="0.0" classname="testCases.RegistrationTest">
    <ignored/>
  </testcase> <!-- Verify_createAccount1 -->
</testsuite> <!-- Test -->
