<html>
<head>
<title>TestNG:  Test</title>
<link href="../testng.css" rel="stylesheet" type="text/css" />
<link href="../my-testng.css" rel="stylesheet" type="text/css" />

<style type="text/css">
.log { display: none;} 
.stack-trace { display: none;} 
</style>
<script type="text/javascript">
<!--
function flip(e) {
  current = e.style.display;
  if (current == 'block') {
    e.style.display = 'none';
    return 0;
  }
  else {
    e.style.display = 'block';
    return 1;
  }
}

function toggleBox(szDivId, elem, msg1, msg2)
{
  var res = -1;  if (document.getElementById) {
    res = flip(document.getElementById(szDivId));
  }
  else if (document.all) {
    // this is the way old msie versions work
    res = flip(document.all[szDivId]);
  }
  if(elem) {
    if(res == 0) elem.innerHTML = msg1; else elem.innerHTML = msg2;
  }

}

function toggleAllBoxes() {
  if (document.getElementsByTagName) {
    d = document.getElementsByTagName('div');
    for (i = 0; i < d.length; i++) {
      if (d[i].className == 'log') {
        flip(d[i]);
      }
    }
  }
}

// -->
</script>

</head>
<body>
<h2 align='center'>Test</h2><table border='1' align="center">
<tr>
<td>Tests passed/Failed/Skipped:</td><td>28/2/0</td>
</tr><tr>
<td>Started on:</td><td>Thu Aug 29 20:06:43 IST 2019</td>
</tr>
<tr><td>Total time:</td><td>925 seconds (925722 ms)</td>
</tr><tr>
<td>Included groups:</td><td></td>
</tr><tr>
<td>Excluded groups:</td><td></td>
</tr>
</table><p/>
<small><i>(Hover the method name to see the test class name)</i></small><p/>
<table width='100%' border='1' class='invocation-failed'>
<tr><td colspan='4' align='center'><b>FAILED TESTS</b></td></tr>
<tr><td><b>Test method</b></td>
<td width="30%"><b>Exception</b></td>
<td width="10%"><b>Time (seconds)</b></td>
<td><b>Instance</b></td>
</tr>
<tr>
<td title='testCases.RegistrationTest.Verify_fullName_validation()'><b>Verify_fullName_validation</b><br>Test class: testCases.RegistrationTest<br>Parameters: @!@#</td>
<td><div><pre>org.openqa.selenium.NoSuchElementException: no such element: Unable to locate element: {&quot;method&quot;:&quot;xpath&quot;,&quot;selector&quot;:&quot;//input[@name=&apos;name&apos;]&quot;}
  (Session info: chrome=76.0.3809.100)
For documentation on this error, please visit: https://www.seleniumhq.org/exceptions/no_such_element.html
Build info: version: &apos;3.141.59&apos;, revision: &apos;e82be7d358&apos;, time: &apos;2018-11-14T08:17:03&apos;
System info: host: &apos;DESKTOP-4DVPK4S&apos;, ip: &apos;169.254.216.164&apos;, os.name: &apos;Windows 10&apos;, os.arch: &apos;amd64&apos;, os.version: &apos;10.0&apos;, java.version: &apos;1.8.0_201&apos;
Driver info: org.openqa.selenium.chrome.ChromeDriver
Capabilities {acceptInsecureCerts: false, browserName: chrome, browserVersion: 76.0.3809.100, chrome: {chromedriverVersion: 76.0.3809.68 (420c9498db8ce..., userDataDir: C:\Users\APPITS~1\AppData\L...}, goog:chromeOptions: {debuggerAddress: localhost:61472}, javascriptEnabled: true, networkConnectionEnabled: false, pageLoadStrategy: normal, platform: XP, platformName: XP, proxy: Proxy(), setWindowRect: true, strictFileInteractability: false, timeouts: {implicit: 0, pageLoad: 300000, script: 30000}, unhandledPromptBehavior: dismiss and notify}
Session ID: 7b8470f6749c07b2b01d1d06bc3be39b
*** Element info: {Using=xpath, value=//input[@name=&apos;name&apos;]}
	at org.openqa.selenium.remote.http.W3CHttpResponseCodec.createException(W3CHttpResponseCodec.java:187)
	at org.openqa.selenium.remote.http.W3CHttpResponseCodec.decode(W3CHttpResponseCodec.java:122)
	at org.openqa.selenium.remote.http.W3CHttpResponseCodec.decode(W3CHttpResponseCodec.java:49)
	at org.openqa.selenium.remote.HttpCommandExecutor.execute(HttpCommandExecutor.java:158)
	at org.openqa.selenium.remote.service.DriverCommandExecutor.execute(DriverCommandExecutor.java:83)
	at org.openqa.selenium.remote.RemoteWebDriver.execute(RemoteWebDriver.java:552)
	at org.openqa.selenium.remote.RemoteWebDriver.findElement(RemoteWebDriver.java:323)
	at org.openqa.selenium.remote.RemoteWebDriver.findElementByXPath(RemoteWebDriver.java:428)
	at org.openqa.selenium.By$ByXPath.findElement(By.java:353)
	at org.openqa.selenium.remote.RemoteWebDriver.findElement(RemoteWebDriver.java:315)
	at org.openqa.selenium.support.pagefactory.DefaultElementLocator.findElement(DefaultElementLocator.java:69)
	at org.openqa.selenium.support.pagefactory.internal.LocatingElementHandler.invoke(LocatingElementHandler.java:38)
	at com.sun.proxy.$Proxy10.sendKeys(Unknown Source)
	at pages.RegistrationPage.enterFullname(RegistrationPage.java:86)
	at testCases.RegistrationTest.Verify_fullName_validation(RegistrationTest.java:112)
... Removed 29 stack frames</pre></div><a href='#' onClick='toggleBox("stack-trace537483956", this, "Click to show all stack frames", "Click to hide stack frames")'>Click to show all stack frames</a>
<div class='stack-trace' id='stack-trace537483956'><pre>org.openqa.selenium.NoSuchElementException: no such element: Unable to locate element: {&quot;method&quot;:&quot;xpath&quot;,&quot;selector&quot;:&quot;//input[@name=&apos;name&apos;]&quot;}
  (Session info: chrome=76.0.3809.100)
For documentation on this error, please visit: https://www.seleniumhq.org/exceptions/no_such_element.html
Build info: version: &apos;3.141.59&apos;, revision: &apos;e82be7d358&apos;, time: &apos;2018-11-14T08:17:03&apos;
System info: host: &apos;DESKTOP-4DVPK4S&apos;, ip: &apos;169.254.216.164&apos;, os.name: &apos;Windows 10&apos;, os.arch: &apos;amd64&apos;, os.version: &apos;10.0&apos;, java.version: &apos;1.8.0_201&apos;
Driver info: org.openqa.selenium.chrome.ChromeDriver
Capabilities {acceptInsecureCerts: false, browserName: chrome, browserVersion: 76.0.3809.100, chrome: {chromedriverVersion: 76.0.3809.68 (420c9498db8ce..., userDataDir: C:\Users\APPITS~1\AppData\L...}, goog:chromeOptions: {debuggerAddress: localhost:61472}, javascriptEnabled: true, networkConnectionEnabled: false, pageLoadStrategy: normal, platform: XP, platformName: XP, proxy: Proxy(), setWindowRect: true, strictFileInteractability: false, timeouts: {implicit: 0, pageLoad: 300000, script: 30000}, unhandledPromptBehavior: dismiss and notify}
Session ID: 7b8470f6749c07b2b01d1d06bc3be39b
*** Element info: {Using=xpath, value=//input[@name=&apos;name&apos;]}
	at sun.reflect.NativeConstructorAccessorImpl.newInstance0(Native Method)
	at sun.reflect.NativeConstructorAccessorImpl.newInstance(NativeConstructorAccessorImpl.java:62)
	at sun.reflect.DelegatingConstructorAccessorImpl.newInstance(DelegatingConstructorAccessorImpl.java:45)
	at java.lang.reflect.Constructor.newInstance(Constructor.java:423)
	at org.openqa.selenium.remote.http.W3CHttpResponseCodec.createException(W3CHttpResponseCodec.java:187)
	at org.openqa.selenium.remote.http.W3CHttpResponseCodec.decode(W3CHttpResponseCodec.java:122)
	at org.openqa.selenium.remote.http.W3CHttpResponseCodec.decode(W3CHttpResponseCodec.java:49)
	at org.openqa.selenium.remote.HttpCommandExecutor.execute(HttpCommandExecutor.java:158)
	at org.openqa.selenium.remote.service.DriverCommandExecutor.execute(DriverCommandExecutor.java:83)
	at org.openqa.selenium.remote.RemoteWebDriver.execute(RemoteWebDriver.java:552)
	at org.openqa.selenium.remote.RemoteWebDriver.findElement(RemoteWebDriver.java:323)
	at org.openqa.selenium.remote.RemoteWebDriver.findElementByXPath(RemoteWebDriver.java:428)
	at org.openqa.selenium.By$ByXPath.findElement(By.java:353)
	at org.openqa.selenium.remote.RemoteWebDriver.findElement(RemoteWebDriver.java:315)
	at org.openqa.selenium.support.pagefactory.DefaultElementLocator.findElement(DefaultElementLocator.java:69)
	at org.openqa.selenium.support.pagefactory.internal.LocatingElementHandler.invoke(LocatingElementHandler.java:38)
	at com.sun.proxy.$Proxy10.sendKeys(Unknown Source)
	at pages.RegistrationPage.enterFullname(RegistrationPage.java:86)
	at testCases.RegistrationTest.Verify_fullName_validation(RegistrationTest.java:112)
	at sun.reflect.NativeMethodAccessorImpl.invoke0(Native Method)
	at sun.reflect.NativeMethodAccessorImpl.invoke(NativeMethodAccessorImpl.java:62)
	at sun.reflect.DelegatingMethodAccessorImpl.invoke(DelegatingMethodAccessorImpl.java:43)
	at java.lang.reflect.Method.invoke(Method.java:498)
	at org.testng.internal.MethodInvocationHelper.invokeMethod(MethodInvocationHelper.java:124)
	at org.testng.internal.Invoker.invokeMethod(Invoker.java:583)
	at org.testng.internal.Invoker.invokeTestMethod(Invoker.java:719)
	at org.testng.internal.Invoker.invokeTestMethods(Invoker.java:989)
	at org.testng.internal.TestMethodWorker.invokeTestMethods(TestMethodWorker.java:125)
	at org.testng.internal.TestMethodWorker.run(TestMethodWorker.java:109)
	at org.testng.TestRunner.privateRun(TestRunner.java:648)
	at org.testng.TestRunner.run(TestRunner.java:505)
	at org.testng.SuiteRunner.runTest(SuiteRunner.java:455)
	at org.testng.SuiteRunner.runSequentially(SuiteRunner.java:450)
	at org.testng.SuiteRunner.privateRun(SuiteRunner.java:415)
	at org.testng.SuiteRunner.run(SuiteRunner.java:364)
	at org.testng.SuiteRunnerWorker.runSuite(SuiteRunnerWorker.java:52)
	at org.testng.SuiteRunnerWorker.run(SuiteRunnerWorker.java:84)
	at org.testng.TestNG.runSuitesSequentially(TestNG.java:1208)
	at org.testng.TestNG.runSuitesLocally(TestNG.java:1137)
	at org.testng.TestNG.runSuites(TestNG.java:1049)
	at org.testng.TestNG.run(TestNG.java:1017)
	at org.testng.remote.AbstractRemoteTestNG.run(AbstractRemoteTestNG.java:115)
	at org.testng.remote.RemoteTestNG.initAndRun(RemoteTestNG.java:251)
	at org.testng.remote.RemoteTestNG.main(RemoteTestNG.java:77)
</pre></div></td>
<td>10</td>
<td>testCases.RegistrationTest@5e0826e7</td></tr>
<tr>
<td title='testCases.RegistrationTest.verify_email_validation_with_Invalid_email()'><b>verify_email_validation_with_Invalid_email</b><br>Test class: testCases.RegistrationTest<br>Parameters: test@t</td>
<td><div><pre>java.lang.AssertionError: expected [true] but found [false]
	at testCases.RegistrationTest.verify_email_validation_with_Invalid_email(RegistrationTest.java:169)
... Removed 31 stack frames</pre></div><a href='#' onClick='toggleBox("stack-trace1678422332", this, "Click to show all stack frames", "Click to hide stack frames")'>Click to show all stack frames</a>
<div class='stack-trace' id='stack-trace1678422332'><pre>java.lang.AssertionError: expected [true] but found [false]
	at org.testng.Assert.fail(Assert.java:96)
	at org.testng.Assert.failNotEquals(Assert.java:776)
	at org.testng.Assert.assertEqualsImpl(Assert.java:137)
	at org.testng.Assert.assertEquals(Assert.java:118)
	at org.testng.Assert.assertEquals(Assert.java:568)
	at org.testng.Assert.assertEquals(Assert.java:578)
	at testCases.RegistrationTest.verify_email_validation_with_Invalid_email(RegistrationTest.java:169)
	at sun.reflect.NativeMethodAccessorImpl.invoke0(Native Method)
	at sun.reflect.NativeMethodAccessorImpl.invoke(NativeMethodAccessorImpl.java:62)
	at sun.reflect.DelegatingMethodAccessorImpl.invoke(DelegatingMethodAccessorImpl.java:43)
	at java.lang.reflect.Method.invoke(Method.java:498)
	at org.testng.internal.MethodInvocationHelper.invokeMethod(MethodInvocationHelper.java:124)
	at org.testng.internal.Invoker.invokeMethod(Invoker.java:583)
	at org.testng.internal.Invoker.invokeTestMethod(Invoker.java:719)
	at org.testng.internal.Invoker.invokeTestMethods(Invoker.java:989)
	at org.testng.internal.TestMethodWorker.invokeTestMethods(TestMethodWorker.java:125)
	at org.testng.internal.TestMethodWorker.run(TestMethodWorker.java:109)
	at org.testng.TestRunner.privateRun(TestRunner.java:648)
	at org.testng.TestRunner.run(TestRunner.java:505)
	at org.testng.SuiteRunner.runTest(SuiteRunner.java:455)
	at org.testng.SuiteRunner.runSequentially(SuiteRunner.java:450)
	at org.testng.SuiteRunner.privateRun(SuiteRunner.java:415)
	at org.testng.SuiteRunner.run(SuiteRunner.java:364)
	at org.testng.SuiteRunnerWorker.runSuite(SuiteRunnerWorker.java:52)
	at org.testng.SuiteRunnerWorker.run(SuiteRunnerWorker.java:84)
	at org.testng.TestNG.runSuitesSequentially(TestNG.java:1208)
	at org.testng.TestNG.runSuitesLocally(TestNG.java:1137)
	at org.testng.TestNG.runSuites(TestNG.java:1049)
	at org.testng.TestNG.run(TestNG.java:1017)
	at org.testng.remote.AbstractRemoteTestNG.run(AbstractRemoteTestNG.java:115)
	at org.testng.remote.RemoteTestNG.initAndRun(RemoteTestNG.java:251)
	at org.testng.remote.RemoteTestNG.main(RemoteTestNG.java:77)
</pre></div></td>
<td>10</td>
<td>testCases.RegistrationTest@5e0826e7</td></tr>
</table><p>
<table width='100%' border='1' class='invocation-passed'>
<tr><td colspan='4' align='center'><b>PASSED TESTS</b></td></tr>
<tr><td><b>Test method</b></td>
<td width="30%"><b>Exception</b></td>
<td width="10%"><b>Time (seconds)</b></td>
<td><b>Instance</b></td>
</tr>
<tr>
<td title='testCases.RegistrationTest.VerifyTitle()'><b>VerifyTitle</b><br>Test class: testCases.RegistrationTest</td>
<td></td>
<td>0</td>
<td>testCases.RegistrationTest@5e0826e7</td></tr>
<tr>
<td title='testCases.RegistrationTest.Verify_createAccount()'><b>Verify_createAccount</b><br>Test class: testCases.RegistrationTest</td>
<td></td>
<td>21</td>
<td>testCases.RegistrationTest@5e0826e7</td></tr>
<tr>
<td title='testCases.RegistrationTest.Verify_fullName_validation()'><b>Verify_fullName_validation</b><br>Test class: testCases.RegistrationTest<br>Parameters: 123</td>
<td></td>
<td>1</td>
<td>testCases.RegistrationTest@5e0826e7</td></tr>
<tr>
<td title='testCases.RegistrationTest.Verify_fullName_validation()'><b>Verify_fullName_validation</b><br>Test class: testCases.RegistrationTest<br>Parameters: test</td>
<td></td>
<td>1</td>
<td>testCases.RegistrationTest@5e0826e7</td></tr>
<tr>
<td title='testCases.RegistrationTest.Verify_fullName_validation()'><b>Verify_fullName_validation</b><br>Test class: testCases.RegistrationTest<br>Parameters: tst1</td>
<td></td>
<td>1</td>
<td>testCases.RegistrationTest@5e0826e7</td></tr>
<tr>
<td title='testCases.RegistrationTest.Verify_with_blocked_domain()'><b>Verify_with_blocked_domain</b><br>Test class: testCases.RegistrationTest</td>
<td></td>
<td>1</td>
<td>testCases.RegistrationTest@5e0826e7</td></tr>
<tr>
<td title='testCases.RegistrationTest.Verify_with_registered_email()'><b>Verify_with_registered_email</b><br>Test class: testCases.RegistrationTest</td>
<td></td>
<td>1</td>
<td>testCases.RegistrationTest@5e0826e7</td></tr>
<tr>
<td title='testCases.RegistrationTest.verifyExpiredLink()'><b>verifyExpiredLink</b><br>Test class: testCases.RegistrationTest</td>
<td></td>
<td>17</td>
<td>testCases.RegistrationTest@5e0826e7</td></tr>
<tr>
<td title='testCases.RegistrationTest.verifyFlag()'><b>verifyFlag</b><br>Test class: testCases.RegistrationTest</td>
<td></td>
<td>0</td>
<td>testCases.RegistrationTest@5e0826e7</td></tr>
<tr>
<td title='testCases.RegistrationTest.verifyFunllNameFieldIsRequired()'><b>verifyFunllNameFieldIsRequired</b><br>Test class: testCases.RegistrationTest</td>
<td></td>
<td>1</td>
<td>testCases.RegistrationTest@5e0826e7</td></tr>
<tr>
<td title='testCases.RegistrationTest.verify_Email_IsRequired()'><b>verify_Email_IsRequired</b><br>Test class: testCases.RegistrationTest</td>
<td></td>
<td>1</td>
<td>testCases.RegistrationTest@5e0826e7</td></tr>
<tr>
<td title='testCases.RegistrationTest.verify_Number_IsRequired()'><b>verify_Number_IsRequired</b><br>Test class: testCases.RegistrationTest</td>
<td></td>
<td>1</td>
<td>testCases.RegistrationTest@5e0826e7</td></tr>
<tr>
<td title='testCases.RegistrationTest.verify_email_validation_with_Invalid_email()'><b>verify_email_validation_with_Invalid_email</b><br>Test class: testCases.RegistrationTest<br>Parameters: test</td>
<td></td>
<td>0</td>
<td>testCases.RegistrationTest@5e0826e7</td></tr>
<tr>
<td title='testCases.RegistrationTest.verify_email_validation_with_Invalid_email()'><b>verify_email_validation_with_Invalid_email</b><br>Test class: testCases.RegistrationTest<br>Parameters: test.1</td>
<td></td>
<td>0</td>
<td>testCases.RegistrationTest@5e0826e7</td></tr>
<tr>
<td title='testCases.RegistrationTest.verify_email_validation_with_Invalid_email()'><b>verify_email_validation_with_Invalid_email</b><br>Test class: testCases.RegistrationTest<br>Parameters: test@</td>
<td></td>
<td>0</td>
<td>testCases.RegistrationTest@5e0826e7</td></tr>
<tr>
<td title='testCases.RegistrationTest.verify_email_validation_with_Invalid_email()'><b>verify_email_validation_with_Invalid_email</b><br>Test class: testCases.RegistrationTest<br>Parameters: test@t.</td>
<td></td>
<td>0</td>
<td>testCases.RegistrationTest@5e0826e7</td></tr>
<tr>
<td title='testCases.RegistrationTest.verify_email_validation_with_valid_email()'><b>verify_email_validation_with_valid_email</b><br>Test class: testCases.RegistrationTest</td>
<td></td>
<td>10</td>
<td>testCases.RegistrationTest@5e0826e7</td></tr>
<tr>
<td title='testCases.RegistrationTest.verify_number_validation_with_Invalid_number()'><b>verify_number_validation_with_Invalid_number</b><br>Test class: testCases.RegistrationTest<br>Parameters: 918511695</td>
<td></td>
<td>0</td>
<td>testCases.RegistrationTest@5e0826e7</td></tr>
<tr>
<td title='testCases.RegistrationTest.verify_number_validation_with_Invalid_number()'><b>verify_number_validation_with_Invalid_number</b><br>Test class: testCases.RegistrationTest<br>Parameters: 888511695975</td>
<td></td>
<td>0</td>
<td>testCases.RegistrationTest@5e0826e7</td></tr>
<tr>
<td title='testCases.RegistrationTest.verify_number_validation_with_Invalid_number()'><b>verify_number_validation_with_Invalid_number</b><br>Test class: testCases.RegistrationTest<br>Parameters: 509</td>
<td></td>
<td>0</td>
<td>testCases.RegistrationTest@5e0826e7</td></tr>
<tr>
<td title='testCases.RegistrationTest.verify_number_validation_with_Valid_number()'><b>verify_number_validation_with_Valid_number</b><br>Test class: testCases.RegistrationTest</td>
<td></td>
<td>10</td>
<td>testCases.RegistrationTest@5e0826e7</td></tr>
<tr>
<td title='testCases.RegistrationTest.verify_password_IsRequired()'><b>verify_password_IsRequired</b><br>Test class: testCases.RegistrationTest</td>
<td></td>
<td>1</td>
<td>testCases.RegistrationTest@5e0826e7</td></tr>
<tr>
<td title='testCases.RegistrationTest.verify_password_validation_with_Invalid_password()'><b>verify_password_validation_with_Invalid_password</b><br>Test class: testCases.RegistrationTest<br>Parameters: 1234567</td>
<td></td>
<td>0</td>
<td>testCases.RegistrationTest@5e0826e7</td></tr>
<tr>
<td title='testCases.RegistrationTest.verify_password_validation_with_Invalid_password()'><b>verify_password_validation_with_Invalid_password</b><br>Test class: testCases.RegistrationTest<br>Parameters: Abc@12</td>
<td></td>
<td>0</td>
<td>testCases.RegistrationTest@5e0826e7</td></tr>
<tr>
<td title='testCases.RegistrationTest.verify_password_validation_with_Invalid_password()'><b>verify_password_validation_with_Invalid_password</b><br>Test class: testCases.RegistrationTest<br>Parameters: !@#$%$</td>
<td></td>
<td>0</td>
<td>testCases.RegistrationTest@5e0826e7</td></tr>
<tr>
<td title='testCases.RegistrationTest.verify_password_validation_with_Invalid_password()'><b>verify_password_validation_with_Invalid_password</b><br>Test class: testCases.RegistrationTest<br>Parameters: abcdefg</td>
<td></td>
<td>0</td>
<td>testCases.RegistrationTest@5e0826e7</td></tr>
<tr>
<td title='testCases.RegistrationTest.verify_password_validation_with_Valid_password()'><b>verify_password_validation_with_Valid_password</b><br>Test class: testCases.RegistrationTest</td>
<td></td>
<td>10</td>
<td>testCases.RegistrationTest@5e0826e7</td></tr>
<tr>
<td title='testCases.RegistrationTest.verify_with_filled_all_Filled_IsEnabled()'><b>verify_with_filled_all_Filled_IsEnabled</b><br>Test class: testCases.RegistrationTest</td>
<td></td>
<td>11</td>
<td>testCases.RegistrationTest@5e0826e7</td></tr>
</table><p>
</body>
</html>