<?xml version="1.0" encoding="UTF-8"?>
<!-- Generated by org.testng.reporters.JUnitXMLReporter -->
<testsuite hostname="DESKTOP-4DVPK4S" ignored="9" name="Default test(failed)(failed)" tests="4" failures="2" timestamp="30 Aug 2019 08:34:11 GMT" time="82.741" errors="0">
  <testcase name="verify_email_validation_with_Invalid_email" time="33.373" classname="testCases.ForgotPasswordTest">
    <failure type="java.lang.AssertionError" message="expected [true] but found [false]">
      <![CDATA[java.lang.AssertionError: expected [true] but found [false]
at testCases.ForgotPasswordTest.verify_email_validation_with_Invalid_email(ForgotPasswordTest.java:75)
... Removed 31 stack frames]]>
    </failure>
  </testcase> <!-- verify_email_validation_with_Invalid_email -->
  <testcase name="Verify_with_registered_email" time="21.078" classname="testCases.ForgotPasswordTest"/>
  <testcase name="reset_Password_successfully" time="15.874" classname="testCases.ForgotPasswordTest">
    <failure type="org.openqa.selenium.StaleElementReferenceException" message="stale element reference: element is not attached to the page document
  (Session info: chrome=76.0.3809.100)
For documentation on this error, please visit: https://www.seleniumhq.org/exceptions/stale_element_reference.html
Build info: version: &amp;apos;3.141.59&amp;apos;, revision: &amp;apos;e82be7d358&amp;apos;, time: &amp;apos;2018-11-14T08:17:03&amp;apos;
System info: host: &amp;apos;DESKTOP-4DVPK4S&amp;apos;, ip: &amp;apos;169.254.216.164&amp;apos;, os.name: &amp;apos;Windows 10&amp;apos;, os.arch: &amp;apos;amd64&amp;apos;, os.version: &amp;apos;10.0&amp;apos;, java.version: &amp;apos;1.8.0_201&amp;apos;
Driver info: org.openqa.selenium.chrome.ChromeDriver
Capabilities {acceptInsecureCerts: false, browserName: chrome, browserVersion: 76.0.3809.100, chrome: {chromedriverVersion: 76.0.3809.68 (420c9498db8ce..., userDataDir: C:\Users\APPITS~1\AppData\L...}, goog:chromeOptions: {debuggerAddress: localhost:62528}, javascriptEnabled: true, networkConnectionEnabled: false, pageLoadStrategy: normal, platform: XP, platformName: XP, proxy: Proxy(), setWindowRect: true, strictFileInteractability: false, timeouts: {implicit: 0, pageLoad: 300000, script: 30000}, unhandledPromptBehavior: dismiss and notify}
Session ID: e7a303a50095b309735605ad376ff81b">
      <![CDATA[org.openqa.selenium.StaleElementReferenceException: stale element reference: element is not attached to the page document
  (Session info: chrome=76.0.3809.100)
For documentation on this error, please visit: https://www.seleniumhq.org/exceptions/stale_element_reference.html
Build info: version: '3.141.59', revision: 'e82be7d358', time: '2018-11-14T08:17:03'
System info: host: 'DESKTOP-4DVPK4S', ip: '169.254.216.164', os.name: 'Windows 10', os.arch: 'amd64', os.version: '10.0', java.version: '1.8.0_201'
Driver info: org.openqa.selenium.chrome.ChromeDriver
Capabilities {acceptInsecureCerts: false, browserName: chrome, browserVersion: 76.0.3809.100, chrome: {chromedriverVersion: 76.0.3809.68 (420c9498db8ce..., userDataDir: C:\Users\APPITS~1\AppData\L...}, goog:chromeOptions: {debuggerAddress: localhost:62528}, javascriptEnabled: true, networkConnectionEnabled: false, pageLoadStrategy: normal, platform: XP, platformName: XP, proxy: Proxy(), setWindowRect: true, strictFileInteractability: false, timeouts: {implicit: 0, pageLoad: 300000, script: 30000}, unhandledPromptBehavior: dismiss and notify}
Session ID: e7a303a50095b309735605ad376ff81b
at org.openqa.selenium.remote.http.W3CHttpResponseCodec.createException(W3CHttpResponseCodec.java:187)
at org.openqa.selenium.remote.http.W3CHttpResponseCodec.decode(W3CHttpResponseCodec.java:122)
at org.openqa.selenium.remote.http.W3CHttpResponseCodec.decode(W3CHttpResponseCodec.java:49)
at org.openqa.selenium.remote.HttpCommandExecutor.execute(HttpCommandExecutor.java:158)
at org.openqa.selenium.remote.service.DriverCommandExecutor.execute(DriverCommandExecutor.java:83)
at org.openqa.selenium.remote.RemoteWebDriver.execute(RemoteWebDriver.java:552)
at org.openqa.selenium.remote.RemoteWebElement.execute(RemoteWebElement.java:285)
at org.openqa.selenium.remote.RemoteWebElement.isDisplayed(RemoteWebElement.java:326)
at org.openqa.selenium.support.ui.ExpectedConditions.elementIfVisible(ExpectedConditions.java:314)
at org.openqa.selenium.support.ui.ExpectedConditions.access$000(ExpectedConditions.java:43)
at org.openqa.selenium.support.ui.ExpectedConditions$10.apply(ExpectedConditions.java:300)
at org.openqa.selenium.support.ui.ExpectedConditions$10.apply(ExpectedConditions.java:297)
at org.openqa.selenium.support.ui.FluentWait.until(FluentWait.java:249)
at pages.ForgotPasswordPage.gClickOnRecentResetPasswordlink(ForgotPasswordPage.java:162)
at pages.ForgotPasswordPage.ValidateResetPasswordButtonOnGmail(ForgotPasswordPage.java:125)
at testCases.ForgotPasswordTest.reset_Password_successfully(ForgotPasswordTest.java:188)
... Removed 29 stack frames]]>
    </failure>
  </testcase> <!-- reset_Password_successfully -->
  <testcase name="reset_Password_twice" time="0.0" classname="testCases.ForgotPasswordTest">
    <skipped/>
  </testcase> <!-- reset_Password_twice -->
  <testcase name="Verify_with_non_registered_email" time="0.0" classname="testCases.ForgotPasswordTest">
    <ignored/>
  </testcase> <!-- Verify_with_non_registered_email -->
  <testcase name="Verify_Email_is_required_field" time="0.0" classname="testCases.ForgotPasswordTest">
    <ignored/>
  </testcase> <!-- Verify_Email_is_required_field -->
  <testcase name="mismatch_Reset_Password_Validation" time="0.0" classname="testCases.ForgotPasswordTest">
    <ignored/>
  </testcase> <!-- mismatch_Reset_Password_Validation -->
  <testcase name="reset_password_without_entering_any_value_in_reset_password_page" time="0.0" classname="testCases.ForgotPasswordTest">
    <ignored/>
  </testcase> <!-- reset_password_without_entering_any_value_in_reset_password_page -->
  <testcase name="VerifyTitle" time="0.0" classname="testCases.ForgotPasswordTest">
    <ignored/>
  </testcase> <!-- VerifyTitle -->
  <testcase name="verify_reset_password_link_From_gmail" time="0.0" classname="testCases.ForgotPasswordTest">
    <ignored/>
  </testcase> <!-- verify_reset_password_link_From_gmail -->
  <testcase name="reset_Password_and_login_successfully" time="0.0" classname="testCases.ForgotPasswordTest">
    <ignored/>
  </testcase> <!-- reset_Password_and_login_successfully -->
  <testcase name="verify_Back_Signin_link" time="0.0" classname="testCases.ForgotPasswordTest">
    <ignored/>
  </testcase> <!-- verify_Back_Signin_link -->
  <testcase name="short_Password_Validation" time="0.0" classname="testCases.ForgotPasswordTest">
    <ignored/>
  </testcase> <!-- short_Password_Validation -->
</testsuite> <!-- Default test(failed)(failed) -->
