<?xml version="1.0" encoding="UTF-8"?>
<testng-results skipped="0" failed="0" ignored="0" total="1" passed="1">
  <reporter-output>
  </reporter-output>
  <suite name="Command line suite" duration-ms="10575" started-at="2019-08-19T11:46:27Z" finished-at="2019-08-19T11:46:38Z">
    <groups>
    </groups>
    <test name="Command line test" duration-ms="10575" started-at="2019-08-19T11:46:27Z" finished-at="2019-08-19T11:46:38Z">
      <class name="testCases.RegistrationTest">
        <test-method status="PASS" signature="initialization()[pri:0, instance:testCases.RegistrationTest@38082d64]" name="initialization" is-config="true" duration-ms="9768" started-at="2019-08-19T11:46:27Z" finished-at="2019-08-19T11:46:37Z">
          <reporter-output>
          </reporter-output>
        </test-method> <!-- initialization -->
        <test-method status="PASS" signature="verifyUserName()[pri:0, instance:testCases.RegistrationTest@38082d64]" name="verifyUserName" duration-ms="129" started-at="2019-08-19T11:46:37Z" finished-at="2019-08-19T11:46:37Z">
          <reporter-output>
          </reporter-output>
        </test-method> <!-- verifyUserName -->
        <test-method status="PASS" signature="teardown()[pri:0, instance:testCases.RegistrationTest@38082d64]" name="teardown" is-config="true" duration-ms="639" started-at="2019-08-19T11:46:37Z" finished-at="2019-08-19T11:46:38Z">
          <reporter-output>
          </reporter-output>
        </test-method> <!-- teardown -->
      </class> <!-- testCases.RegistrationTest -->
    </test> <!-- Command line test -->
  </suite> <!-- Command line suite -->
</testng-results>
