<?xml version="1.0" encoding="UTF-8"?>
<testng-results skipped="1" failed="0" ignored="7" total="9" passed="1">
  <reporter-output>
  </reporter-output>
  <suite name="Default suite" duration-ms="298320" started-at="2019-09-11T05:16:37Z" finished-at="2019-09-11T05:21:35Z">
    <groups>
    </groups>
    <test name="Default test" duration-ms="298320" started-at="2019-09-11T05:16:37Z" finished-at="2019-09-11T05:21:35Z">
      <class name="testCases.NSivrTest">
        <test-method status="PASS" signature="initialization()[pri:0, instance:testCases.NSivrTest@44ebcd03]" name="initialization" is-config="true" duration-ms="3977" started-at="2019-09-11T05:16:37Z" finished-at="2019-09-11T05:16:41Z">
          <reporter-output>
          </reporter-output>
        </test-method> <!-- initialization -->
        <test-method status="SKIP" signature="Verify_with_add_ivr_options_successfully()[pri:1, instance:testCases.NSivrTest@44ebcd03]" name="Verify_with_add_ivr_options_successfully" duration-ms="142811" started-at="2019-09-11T05:16:41Z" finished-at="2019-09-11T05:19:04Z">
          <exception class="org.openqa.selenium.TimeoutException">
            <message>
              <![CDATA[Expected condition failed: waiting for title to be "Login | Callhippo.com". Current title: "Confirm Account | Callhippo.com" (tried for 10 second(s) with 500 milliseconds interval)
Build info: version: '3.141.59', revision: 'e82be7d358', time: '2018-11-14T08:17:03'
System info: host: 'DESKTOP-4DVPK4S', ip: '169.254.216.164', os.name: 'Windows 10', os.arch: 'amd64', os.version: '10.0', java.version: '1.8.0_201'
Driver info: org.openqa.selenium.chrome.ChromeDriver
Capabilities {acceptInsecureCerts: false, browserName: chrome, browserVersion: 76.0.3809.132, chrome: {chromedriverVersion: 76.0.3809.68 (420c9498db8ce..., userDataDir: C:\Users\APPITS~1\AppData\L...}, goog:chromeOptions: {debuggerAddress: localhost:51565}, javascriptEnabled: true, networkConnectionEnabled: false, pageLoadStrategy: normal, platform: XP, platformName: XP, proxy: Proxy(), setWindowRect: true, strictFileInteractability: false, timeouts: {implicit: 0, pageLoad: 300000, script: 30000}, unhandledPromptBehavior: dismiss and notify}
Session ID: 6a51b8850e7a6207906fd6be80b3a1ef]]>
            </message>
            <full-stacktrace>
              <![CDATA[org.openqa.selenium.TimeoutException: Expected condition failed: waiting for title to be "Login | Callhippo.com". Current title: "Confirm Account | Callhippo.com" (tried for 10 second(s) with 500 milliseconds interval)
Build info: version: '3.141.59', revision: 'e82be7d358', time: '2018-11-14T08:17:03'
System info: host: 'DESKTOP-4DVPK4S', ip: '169.254.216.164', os.name: 'Windows 10', os.arch: 'amd64', os.version: '10.0', java.version: '1.8.0_201'
Driver info: org.openqa.selenium.chrome.ChromeDriver
Capabilities {acceptInsecureCerts: false, browserName: chrome, browserVersion: 76.0.3809.132, chrome: {chromedriverVersion: 76.0.3809.68 (420c9498db8ce..., userDataDir: C:\Users\APPITS~1\AppData\L...}, goog:chromeOptions: {debuggerAddress: localhost:51565}, javascriptEnabled: true, networkConnectionEnabled: false, pageLoadStrategy: normal, platform: XP, platformName: XP, proxy: Proxy(), setWindowRect: true, strictFileInteractability: false, timeouts: {implicit: 0, pageLoad: 300000, script: 30000}, unhandledPromptBehavior: dismiss and notify}
Session ID: 6a51b8850e7a6207906fd6be80b3a1ef
at org.openqa.selenium.support.ui.WebDriverWait.timeoutException(WebDriverWait.java:95)
at org.openqa.selenium.support.ui.FluentWait.until(FluentWait.java:272)
at pages.RegistrationPage.ggetTitle(RegistrationPage.java:364)
at pages.RegistrationPage.ValidateVerifyButtonOnGmail(RegistrationPage.java:285)
at testCases.NSivrTest.signupAndSignin(NSivrTest.java:80)
at testCases.NSivrTest.Verify_with_add_ivr_options_successfully(NSivrTest.java:443)
at sun.reflect.NativeMethodAccessorImpl.invoke0(Native Method)
at sun.reflect.NativeMethodAccessorImpl.invoke(NativeMethodAccessorImpl.java:62)
at sun.reflect.DelegatingMethodAccessorImpl.invoke(DelegatingMethodAccessorImpl.java:43)
at java.lang.reflect.Method.invoke(Method.java:498)
at org.testng.internal.MethodInvocationHelper.invokeMethod(MethodInvocationHelper.java:124)
at org.testng.internal.Invoker.invokeMethod(Invoker.java:583)
at org.testng.internal.Invoker.invokeTestMethod(Invoker.java:719)
at org.testng.internal.Invoker.invokeTestMethods(Invoker.java:989)
at org.testng.internal.TestMethodWorker.invokeTestMethods(TestMethodWorker.java:125)
at org.testng.internal.TestMethodWorker.run(TestMethodWorker.java:109)
at org.testng.TestRunner.privateRun(TestRunner.java:648)
at org.testng.TestRunner.run(TestRunner.java:505)
at org.testng.SuiteRunner.runTest(SuiteRunner.java:455)
at org.testng.SuiteRunner.runSequentially(SuiteRunner.java:450)
at org.testng.SuiteRunner.privateRun(SuiteRunner.java:415)
at org.testng.SuiteRunner.run(SuiteRunner.java:364)
at org.testng.SuiteRunnerWorker.runSuite(SuiteRunnerWorker.java:52)
at org.testng.SuiteRunnerWorker.run(SuiteRunnerWorker.java:84)
at org.testng.TestNG.runSuitesSequentially(TestNG.java:1208)
at org.testng.TestNG.runSuitesLocally(TestNG.java:1137)
at org.testng.TestNG.runSuites(TestNG.java:1049)
at org.testng.TestNG.run(TestNG.java:1017)
at org.testng.remote.AbstractRemoteTestNG.run(AbstractRemoteTestNG.java:115)
at org.testng.remote.RemoteTestNG.initAndRun(RemoteTestNG.java:251)
at org.testng.remote.RemoteTestNG.main(RemoteTestNG.java:77)
]]>
            </full-stacktrace>
          </exception> <!-- org.openqa.selenium.TimeoutException -->
          <reporter-output>
          </reporter-output>
        </test-method> <!-- Verify_with_add_ivr_options_successfully -->
        <test-method status="PASS" signature="teardown()[pri:0, instance:testCases.NSivrTest@44ebcd03]" name="teardown" is-config="true" duration-ms="0" started-at="2019-09-11T05:19:04Z" finished-at="2019-09-11T05:19:04Z">
          <reporter-output>
          </reporter-output>
        </test-method> <!-- teardown -->
        <test-method status="PASS" signature="initialization()[pri:0, instance:testCases.NSivrTest@44ebcd03]" name="initialization" is-config="true" duration-ms="3326" started-at="2019-09-11T05:19:04Z" finished-at="2019-09-11T05:19:07Z">
          <reporter-output>
          </reporter-output>
        </test-method> <!-- initialization -->
        <test-method status="PASS" signature="Verify_with_add_ivr_options_successfully()[pri:1, instance:testCases.NSivrTest@44ebcd03]" name="Verify_with_add_ivr_options_successfully" duration-ms="148180" started-at="2019-09-11T05:19:07Z" finished-at="2019-09-11T05:21:35Z">
          <reporter-output>
          </reporter-output>
        </test-method> <!-- Verify_with_add_ivr_options_successfully -->
        <test-method status="PASS" signature="teardown()[pri:0, instance:testCases.NSivrTest@44ebcd03]" name="teardown" is-config="true" duration-ms="0" started-at="2019-09-11T05:21:35Z" finished-at="2019-09-11T05:21:35Z">
          <reporter-output>
          </reporter-output>
        </test-method> <!-- teardown -->
      </class> <!-- testCases.NSivrTest -->
    </test> <!-- Default test -->
  </suite> <!-- Default suite -->
</testng-results>
