<?xml version="1.0" encoding="UTF-8"?>
<!-- Generated by org.testng.reporters.JUnitReportReporter -->
<testsuite skipped="3" hostname="DESKTOP-4DVPK4S" name="testCases.NumberSettingTest" tests="10" failures="0" timestamp="04 Sep 2019 09:12:28 GMT" time="687.396" errors="0">
  <testcase name="verify_purchased_number_And_Numbers_setting_page" time="72.035" classname="testCases.NumberSettingTest"/>
  <testcase name="verify_purchased_number_And_Numbers_setting_page" time="56.966" classname="testCases.NumberSettingTest">
    <skipped/>
  </testcase> <!-- verify_purchased_number_And_Numbers_setting_page -->
  <testcase name="verify_call_Recording_toggle_in_Basic_montly_plan" time="80.782" classname="testCases.NumberSettingTest"/>
  <testcase name="verify_call_Recording_toggle_in_Basic_Annually_plan" time="70.210" classname="testCases.NumberSettingTest"/>
  <testcase name="verify_call_Recording_toggle_in_Silver_montly_plan" time="96.982" classname="testCases.NumberSettingTest"/>
  <testcase name="verify_call_Recording_toggle_in_Silver_Annually_plan" time="67.960" classname="testCases.NumberSettingTest"/>
  <testcase name="verify_call_Recording_toggle_in_Platinum_montly_plan" time="78.401" classname="testCases.NumberSettingTest"/>
  <testcase name="verify_call_Recording_toggle_in_Platinum_Annually_plan" time="73.766" classname="testCases.NumberSettingTest"/>
  <testcase name="verify_call_Recording_toggle_in_Platinum_Annually_plan" time="48.336" classname="testCases.NumberSettingTest">
    <skipped/>
  </testcase> <!-- verify_call_Recording_toggle_in_Platinum_Annually_plan -->
  <testcase name="verify_call_Recording_toggle_in_Platinum_Annually_plan" time="41.958" classname="testCases.NumberSettingTest">
    <skipped/>
  </testcase> <!-- verify_call_Recording_toggle_in_Platinum_Annually_plan -->
</testsuite> <!-- testCases.NumberSettingTest -->
