<?xml version="1.0" encoding="UTF-8"?>
<!-- Generated by org.testng.reporters.JUnitReportReporter -->
<testsuite skipped="1" hostname="DESKTOP-4DVPK4S" name="testCases.NSivrTest" tests="2" failures="0" timestamp="11 Sep 2019 05:21:35 GMT" time="298.294" errors="0">
  <testcase name="Verify_with_add_ivr_options_successfully" time="152.157" classname="testCases.NSivrTest"/>
  <testcase name="Verify_with_add_ivr_options_successfully" time="146.137" classname="testCases.NSivrTest">
    <skipped/>
  </testcase> <!-- Verify_with_add_ivr_options_successfully -->
</testsuite> <!-- testCases.NSivrTest -->
