<?xml version="1.0" encoding="UTF-8"?>
<!-- Generated by org.testng.reporters.JUnitReportReporter -->
<testsuite skipped="0" hostname="DESKTOP-4DVPK4S" name="testCases.MagicLinkTest" tests="2" failures="0" timestamp="30 Aug 2019 12:22:11 GMT" time="47.281" errors="0">
  <testcase name="verify_email_validation_with_Registered_email" time="21.678" classname="testCases.MagicLinkTest"/>
  <testcase name="verify_MagicLink_on_Gmail_inbox" time="25.603" classname="testCases.MagicLinkTest"/>
</testsuite> <!-- testCases.MagicLinkTest -->
